[01m[K/home/francesco/Desktop/RP_project/src/project_localizer/src/publisher_node.cpp:[m[K In function â€˜[01m[Kint main(int, char**)[m[Kâ€™:
[01m[K/home/francesco/Desktop/RP_project/src/project_localizer/src/publisher_node.cpp:7:5:[m[K [01;31m[Kerror: [m[Kâ€˜[01m[Kstring[m[Kâ€™ was not declared in this scope
    7 |     [01;31m[Kstring[m[K topic_name = "/initialpose";
      |     [01;31m[K^~~~~~[m[K
[01m[K/home/francesco/Desktop/RP_project/src/project_localizer/src/publisher_node.cpp:7:5:[m[K [01;36m[Knote: [m[Ksuggested alternatives:
In file included from [01m[K/usr/include/c++/9/string:39[m[K,
                 from [01m[K/opt/ros/noetic/include/ros/platform.h:38[m[K,
                 from [01m[K/opt/ros/noetic/include/ros/time.h:53[m[K,
                 from [01m[K/opt/ros/noetic/include/ros/ros.h:38[m[K,
                 from [01m[K/home/francesco/Desktop/RP_project/src/project_localizer/src/publisher_node.cpp:1[m[K:
[01m[K/usr/include/c++/9/bits/stringfwd.h:79:33:[m[K [01;36m[Knote: [m[K  â€˜[01m[Kstd::string[m[Kâ€™
   79 |   typedef basic_string<char>    [01;36m[Kstring[m[K;
      |                                 [01;36m[K^~~~~~[m[K
In file included from [01m[K/usr/include/boost/lexical_cast/detail/converter_lexical.hpp:52[m[K,
                 from [01m[K/usr/include/boost/lexical_cast/try_lexical_convert.hpp:44[m[K,
                 from [01m[K/usr/include/boost/lexical_cast.hpp:32[m[K,
                 from [01m[K/opt/ros/noetic/include/ros/transport_hints.h:34[m[K,
                 from [01m[K/opt/ros/noetic/include/ros/subscribe_options.h:33[m[K,
                 from [01m[K/opt/ros/noetic/include/ros/node_handle.h:42[m[K,
                 from [01m[K/opt/ros/noetic/include/ros/ros.h:45[m[K,
                 from [01m[K/home/francesco/Desktop/RP_project/src/project_localizer/src/publisher_node.cpp:1[m[K:
[01m[K/usr/include/boost/container/container_fwd.hpp:191:31:[m[K [01;36m[Knote: [m[K  â€˜[01m[Kboost::container::string[m[Kâ€™
  191 | typedef basic_string <char>   [01;36m[Kstring[m[K;
      |                               [01;36m[K^~~~~~[m[K
[01m[K/home/francesco/Desktop/RP_project/src/project_localizer/src/publisher_node.cpp:8:43:[m[K [01;31m[Kerror: [m[Kâ€˜[01m[KString[m[Kâ€™ is not a member of â€˜[01m[Kstd[m[Kâ€™; did you mean â€˜[01m[Kstring[m[Kâ€™?
    8 |     ros::Publisher pub = n.advertise<std::[01;31m[KString[m[K>(topic_name,10);
      |                                           [01;31m[K^~~~~~[m[K
      |                                           [32m[Kstring[m[K
[01m[K/home/francesco/Desktop/RP_project/src/project_localizer/src/publisher_node.cpp:8:43:[m[K [01;31m[Kerror: [m[Kâ€˜[01m[KString[m[Kâ€™ is not a member of â€˜[01m[Kstd[m[Kâ€™; did you mean â€˜[01m[Kstring[m[Kâ€™?
    8 |     ros::Publisher pub = n.advertise<std::[01;31m[KString[m[K>(topic_name,10);
      |                                           [01;31m[K^~~~~~[m[K
      |                                           [32m[Kstring[m[K
[01m[K/home/francesco/Desktop/RP_project/src/project_localizer/src/publisher_node.cpp:8:51:[m[K [01;31m[Kerror: [m[Kâ€˜[01m[Ktopic_name[m[Kâ€™ was not declared in this scope; did you mean â€˜[01m[Ktypename[m[Kâ€™?
    8 |     ros::Publisher pub = n.advertise<std::String>([01;31m[Ktopic_name[m[K,10);
      |                                                   [01;31m[K^~~~~~~~~~[m[K
      |                                                   [32m[Ktypename[m[K
[01m[K/home/francesco/Desktop/RP_project/src/project_localizer/src/publisher_node.cpp:9:10:[m[K [01;31m[Kerror: [m[Kâ€˜[01m[KString[m[Kâ€™ is not a member of â€˜[01m[Kstd[m[Kâ€™; did you mean â€˜[01m[Kstring[m[Kâ€™?
    9 |     std::[01;31m[KString[m[K mess;
      |          [01;31m[K^~~~~~[m[K
      |          [32m[Kstring[m[K
[01m[K/home/francesco/Desktop/RP_project/src/project_localizer/src/publisher_node.cpp:12:21:[m[K [01;31m[Kerror: [m[Kâ€˜[01m[Kmess[m[Kâ€™ was not declared in this scope
   12 |         pub.publish([01;31m[Kmess[m[K);
      |                     [01;31m[K^~~~[m[K
make[2]: *** [CMakeFiles/publisher_node.dir/build.make:63: CMakeFiles/publisher_node.dir/src/publisher_node.cpp.o] Error 1
make[1]: *** [CMakeFiles/Makefile2:290: CMakeFiles/publisher_node.dir/all] Error 2
make: *** [Makefile:141: all] Error 2
