[ 36%] Built target rp_library
[35m[1mScanning dependencies of target main_node[0m
[ 72%] Built target dmap_test_in_class
[ 72%] Built target dmap_localizer_test
[ 72%] Built target grid_main
[ 72%] Built target test_grid_map
[ 81%] Built target rp_simulator
[ 90%] Built target dmap_grid_localizer_test
[ 95%] [32mBuilding CXX object CMakeFiles/main_node.dir/src/main_node_old.cpp.o[0m
[01m[K/home/francesco/Desktop/RP_project/src/project_localizer/src/main_node_old.cpp:[m[K In function â€˜[01m[Kvoid mapCallBack(const OccupancyGrid&)[m[Kâ€™:
[01m[K/home/francesco/Desktop/RP_project/src/project_localizer/src/main_node_old.cpp:55:39:[m[K [01;31m[Kerror: [m[Kâ€˜[01m[Kdistances[m[Kâ€™ was not declared in this scope
   55 |         Grid_<uint8_t> obstacle_image([01;31m[Kdistances[m[K.rows, distances.cols);
      |                                       [01;31m[K^~~~~~~~~[m[K
make[2]: *** [CMakeFiles/main_node.dir/build.make:63: CMakeFiles/main_node.dir/src/main_node_old.cpp.o] Error 1
make[1]: *** [CMakeFiles/Makefile2:451: CMakeFiles/main_node.dir/all] Error 2
make: *** [Makefile:141: all] Error 2
