[01m[K/home/francesco/Desktop/RP_project/src/project_localizer/src/main_node.cpp:11:23:[m[K [01;31m[Kerror: [m[Kmissing terminating > character
   11 | #include <rp_stuff/dra
      |                       [01;31m[K^[m[K
[01m[K/home/francesco/Desktop/RP_project/src/project_localizer/src/main_node.cpp:11:10:[m[K [01;31m[Kfatal error: [m[Krp_stuff/dra: No such file or directory
   11 | #include [01;31m[K<[m[Krp_stuff/dra
      |          [01;31m[K^[m[K
compilation terminated.
make[2]: *** [CMakeFiles/main_node.dir/build.make:63: CMakeFiles/main_node.dir/src/main_node.cpp.o] Error 1
make[1]: *** [CMakeFiles/Makefile2:451: CMakeFiles/main_node.dir/all] Error 2
make: *** [Makefile:141: all] Error 2
