[01m[K/home/francesco/Desktop/RP_project/src/project_localizer/src/publisher_node.cpp:1:10:[m[K [01;31m[Kfatal error: [m[Kros/ros.cpp: No such file or directory
    1 | #include [01;31m[K<ros/ros.cpp>[m[K
      |          [01;31m[K^~~~~~~~~~~~~[m[K
compilation terminated.
make[2]: *** [CMakeFiles/publisher_node.dir/build.make:63: CMakeFiles/publisher_node.dir/src/publisher_node.cpp.o] Error 1
make[1]: *** [CMakeFiles/Makefile2:290: CMakeFiles/publisher_node.dir/all] Error 2
make: *** [Makefile:141: all] Error 2
