[ 36%] Built target rp_library
[35m[1mScanning dependencies of target main_node[0m
[ 63%] Built target dmap_localizer_test
[ 59%] Built target test_grid_map
[ 63%] Built target dmap_test_in_class
[ 72%] Built target rp_simulator
[ 81%] Built target dmap_grid_localizer_test
[ 86%] [32mBuilding CXX object CMakeFiles/main_node.dir/src/main_node_old.cpp.o[0m
[ 95%] Built target grid_main
[01m[K/home/francesco/Desktop/RP_project/src/project_localizer/src/main_node_old.cpp:[m[K In function â€˜[01m[Kvoid mapCallBack(const OccupancyGrid&)[m[Kâ€™:
[01m[K/home/francesco/Desktop/RP_project/src/project_localizer/src/main_node_old.cpp:55:39:[m[K [01;31m[Kerror: [m[Kâ€˜[01m[Kdistances[m[Kâ€™ was not declared in this scope
   55 |         Grid_<uint8_t> obstacle_image([01;31m[Kdistances[m[K.rows, distances.cols);
      |                                       [01;31m[K^~~~~~~~~[m[K
[01m[K/home/francesco/Desktop/RP_project/src/project_localizer/src/main_node_old.cpp:67:26:[m[K [01;31m[Kerror: [m[Kexpected â€˜[01m[K)[m[Kâ€™ before numeric constant
   67 |         showCanvas[34m[K([m[Kcanvas[01;31m[K.[m[K[32m[K0[m[K);
      |                   [34m[K~[m[K      [01;31m[K^[m[K[32m[K~[m[K
      |                          [32m[K)[m[K
[01m[K/home/francesco/Desktop/RP_project/src/project_localizer/src/main_node_old.cpp:67:28:[m[K [01;31m[Kerror: [m[Ktoo few arguments to function â€˜[01m[Kint showCanvas(Canvas&, int)[m[Kâ€™
   67 |         showCanvas(canvas.0[01;31m[K)[m[K;
      |                            [01;31m[K^[m[K
In file included from [01m[K/home/francesco/Desktop/RP_project/src/project_localizer/src/rp_stuff/grid.h:8[m[K,
                 from [01m[K/home/francesco/Desktop/RP_project/src/project_localizer/src/rp_stuff/dmap.h:2[m[K,
                 from [01m[K/home/francesco/Desktop/RP_project/src/project_localizer/src/main_node_old.cpp:11[m[K:
[01m[K/home/francesco/Desktop/RP_project/src/project_localizer/src/rp_stuff/draw_helpers.h:10:5:[m[K [01;36m[Knote: [m[Kdeclared here
   10 | int [01;36m[KshowCanvas[m[K(Canvas& canvas, int timeout_ms);
      |     [01;36m[K^~~~~~~~~~[m[K
make[2]: *** [CMakeFiles/main_node.dir/build.make:63: CMakeFiles/main_node.dir/src/main_node_old.cpp.o] Error 1
make[1]: *** [CMakeFiles/Makefile2:451: CMakeFiles/main_node.dir/all] Error 2
make: *** [Makefile:141: all] Error 2
