[ 36%] Built target rp_library
[35m[1mScanning dependencies of target main_node[0m
[ 45%] Built target grid_main
[ 54%] Built target test_grid_map
[ 63%] Built target rp_simulator
[ 72%] Built target dmap_grid_localizer_test
[ 81%] Built target dmap_test_in_class
[ 90%] Built target dmap_localizer_test
[ 95%] [32mBuilding CXX object CMakeFiles/main_node.dir/src/main_node.cpp.o[0m
[01m[K/home/francesco/Desktop/RP_project/src/project_localizer/src/main_node.cpp:[m[K In function â€˜[01m[Kvoid mapCallBack(const OccupancyGrid&)[m[Kâ€™:
[01m[K/home/francesco/Desktop/RP_project/src/project_localizer/src/main_node.cpp:39:23:[m[K [01;31m[Kerror: [m[Kâ€˜[01m[Kcanvas[m[Kâ€™ was not declared in this scope; did you mean â€˜[01m[KCanvas[m[Kâ€™?
   39 |         grid_map.draw([01;31m[Kcanvas[m[K);
      |                       [01;31m[K^~~~~~[m[K
      |                       [32m[KCanvas[m[K
make[2]: *** [CMakeFiles/main_node.dir/build.make:63: CMakeFiles/main_node.dir/src/main_node.cpp.o] Error 1
make[1]: *** [CMakeFiles/Makefile2:451: CMakeFiles/main_node.dir/all] Error 2
make: *** [Makefile:141: all] Error 2
