[01m[K/home/francesco/Desktop/RP_project/src/project_localizer/src/main_node.cpp:[m[K In function â€˜[01m[Kvoid laserCallBack(const LaserScan&)[m[Kâ€™:
[01m[K/home/francesco/Desktop/RP_project/src/project_localizer/src/main_node.cpp:92:20:[m[K [01;31m[Kerror: [m[Kâ€˜[01m[KRotation2Df[m[Kâ€™ was not declared in this scope; did you mean â€˜[01m[KEigen::Rotation2Df[m[Kâ€™?
   92 |         X.linear()=[01;31m[KRotation2Df[m[K(0.1).matrix();
      |                    [01;31m[K^~~~~~~~~~~[m[K
      |                    [32m[KEigen::Rotation2Df[m[K
In file included from [01m[K/usr/include/eigen3/Eigen/Geometry:41[m[K,
                 from [01m[K/home/francesco/Desktop/RP_project/src/project_localizer/src/rp_stuff/grid.h:4[m[K,
                 from [01m[K/home/francesco/Desktop/RP_project/src/project_localizer/src/rp_stuff/dmap.h:2[m[K,
                 from [01m[K/home/francesco/Desktop/RP_project/src/project_localizer/src/main_node.cpp:11[m[K:
[01m[K/usr/include/eigen3/Eigen/src/Geometry/Rotation2D.h:165:27:[m[K [01;36m[Knote: [m[Kâ€˜[01m[KEigen::Rotation2Df[m[Kâ€™ declared here
  165 | typedef Rotation2D<float> [01;36m[KRotation2Df[m[K;
      |                           [01;36m[K^~~~~~~~~~~[m[K
[01m[K/home/francesco/Desktop/RP_project/src/project_localizer/src/main_node.cpp:117:13:[m[K [01;31m[Kerror: [m[Kâ€˜[01m[Kcout[m[Kâ€™ was not declared in this scope; did you mean â€˜[01m[Kstd::cout[m[Kâ€™?
  117 |             [01;31m[Kcout[m[K << "time: " << tv_delta.tv_sec*1e3 + tv_delta.tv_usec*1e-3 << endl;
      |             [01;31m[K^~~~[m[K
      |             [32m[Kstd::cout[m[K
In file included from [01m[K/opt/ros/noetic/include/ros/time.h:54[m[K,
                 from [01m[K/opt/ros/noetic/include/ros/ros.h:38[m[K,
                 from [01m[K/home/francesco/Desktop/RP_project/src/project_localizer/src/main_node.cpp:1[m[K:
[01m[K/usr/include/c++/9/iostream:61:18:[m[K [01;36m[Knote: [m[Kâ€˜[01m[Kstd::cout[m[Kâ€™ declared here
   61 |   extern ostream [01;36m[Kcout[m[K;  /// Linked to standard output
      |                  [01;36m[K^~~~[m[K
[01m[K/home/francesco/Desktop/RP_project/src/project_localizer/src/main_node.cpp:117:80:[m[K [01;31m[Kerror: [m[Kâ€˜[01m[Kendl[m[Kâ€™ was not declared in this scope; did you mean â€˜[01m[Kstd::endl[m[Kâ€™?
  117 |             cout << "time: " << tv_delta.tv_sec*1e3 + tv_delta.tv_usec*1e-3 << [01;31m[Kendl[m[K;
      |                                                                                [01;31m[K^~~~[m[K
      |                                                                                [32m[Kstd::endl[m[K
In file included from [01m[K/usr/include/c++/9/iostream:39[m[K,
                 from [01m[K/opt/ros/noetic/include/ros/time.h:54[m[K,
                 from [01m[K/opt/ros/noetic/include/ros/ros.h:38[m[K,
                 from [01m[K/home/francesco/Desktop/RP_project/src/project_localizer/src/main_node.cpp:1[m[K:
[01m[K/usr/include/c++/9/ostream:599:5:[m[K [01;36m[Knote: [m[Kâ€˜[01m[Kstd::endl[m[Kâ€™ declared here
  599 |     [01;36m[Kendl[m[K(basic_ostream<_CharT, _Traits>& __os)
      |     [01;36m[K^~~~[m[K
make[2]: *** [CMakeFiles/main_node.dir/build.make:63: CMakeFiles/main_node.dir/src/main_node.cpp.o] Error 1
make[1]: *** [CMakeFiles/Makefile2:451: CMakeFiles/main_node.dir/all] Error 2
make: *** [Makefile:141: all] Error 2
