In file included from [01m[K/opt/ros/noetic/include/ros/serialization.h:37[m[K,
                 from [01m[K/opt/ros/noetic/include/ros/publisher.h:34[m[K,
                 from [01m[K/opt/ros/noetic/include/ros/node_handle.h:32[m[K,
                 from [01m[K/opt/ros/noetic/include/ros/ros.h:45[m[K,
                 from [01m[K/home/francesco/Desktop/RP_project/src/project_localizer/src/publisher_node.cpp:1[m[K:
/opt/ros/noetic/include/ros/message_traits.h: In instantiation of â€˜[01m[Kstatic const char* ros::message_traits::MD5Sum<M>::value(const M&) [with M = std::__cxx11::basic_string<char>][m[Kâ€™:
[01m[K/opt/ros/noetic/include/ros/message_traits.h:254:102:[m[K   required from â€˜[01m[Kconst char* ros::message_traits::md5sum(const M&) [with M = std::__cxx11::basic_string<char>][m[Kâ€™
[01m[K/opt/ros/noetic/include/ros/publisher.h:117:38:[m[K   required from â€˜[01m[Kvoid ros::Publisher::publish(const M&) const [with M = std::__cxx11::basic_string<char>][m[Kâ€™
[01m[K/home/francesco/Desktop/RP_project/src/project_localizer/src/publisher_node.cpp:12:25:[m[K   required from here
[01m[K/opt/ros/noetic/include/ros/message_traits.h:125:14:[m[K [01;31m[Kerror: [m[Kâ€˜[01m[Kconst class std::__cxx11::basic_string<char>[m[Kâ€™ has no member named â€˜[01m[K__getMD5Sum[m[Kâ€™
  125 |     return [01;31m[Km.__getMD5Sum[m[K().c_str();
      |            [01;31m[K~~^~~~~~~~~~~[m[K
/opt/ros/noetic/include/ros/message_traits.h: In instantiation of â€˜[01m[Kstatic const char* ros::message_traits::DataType<M>::value(const M&) [with M = std::__cxx11::basic_string<char>][m[Kâ€™:
[01m[K/opt/ros/noetic/include/ros/message_traits.h:263:104:[m[K   required from â€˜[01m[Kconst char* ros::message_traits::datatype(const M&) [with M = std::__cxx11::basic_string<char>][m[Kâ€™
[01m[K/opt/ros/noetic/include/ros/publisher.h:119:11:[m[K   required from â€˜[01m[Kvoid ros::Publisher::publish(const M&) const [with M = std::__cxx11::basic_string<char>][m[Kâ€™
[01m[K/home/francesco/Desktop/RP_project/src/project_localizer/src/publisher_node.cpp:12:25:[m[K   required from here
[01m[K/opt/ros/noetic/include/ros/message_traits.h:142:14:[m[K [01;31m[Kerror: [m[Kâ€˜[01m[Kconst class std::__cxx11::basic_string<char>[m[Kâ€™ has no member named â€˜[01m[K__getDataType[m[Kâ€™
  142 |     return [01;31m[Km.__getDataType[m[K().c_str();
      |            [01;31m[K~~^~~~~~~~~~~~~[m[K
/opt/ros/noetic/include/ros/message_traits.h: In instantiation of â€˜[01m[Kstatic const char* ros::message_traits::MD5Sum<M>::value() [with M = std::__cxx11::basic_string<char>][m[Kâ€™:
[01m[K/opt/ros/noetic/include/ros/message_traits.h:227:102:[m[K   required from â€˜[01m[Kconst char* ros::message_traits::md5sum() [with M = std::__cxx11::basic_string<char>][m[Kâ€™
[01m[K/opt/ros/noetic/include/ros/advertise_options.h:92:39:[m[K   required from â€˜[01m[Kvoid ros::AdvertiseOptions::init(const string&, uint32_t, const SubscriberStatusCallback&, const SubscriberStatusCallback&) [with M = std::__cxx11::basic_string<char>; std::string = std::__cxx11::basic_string<char>; uint32_t = unsigned int; ros::SubscriberStatusCallback = boost::function<void(const ros::SingleSubscriberPublisher&)>][m[Kâ€™
[01m[K/opt/ros/noetic/include/ros/node_handle.h:252:7:[m[K   required from â€˜[01m[Kros::Publisher ros::NodeHandle::advertise(const string&, uint32_t, bool) [with M = std::__cxx11::basic_string<char>; std::string = std::__cxx11::basic_string<char>; uint32_t = unsigned int][m[Kâ€™
[01m[K/home/francesco/Desktop/RP_project/src/project_localizer/src/publisher_node.cpp:8:64:[m[K   required from here
[01m[K/opt/ros/noetic/include/ros/message_traits.h:120:28:[m[K [01;31m[Kerror: [m[Kâ€˜[01m[K__s_getMD5Sum[m[Kâ€™ is not a member of â€˜[01m[Kstd::__cxx11::basic_string<char>[m[Kâ€™
  120 |     return [01;31m[KM::__s_getMD5Sum()[m[K.c_str();
      |            [01;31m[K~~~~~~~~~~~~~~~~^~[m[K
/opt/ros/noetic/include/ros/message_traits.h: In instantiation of â€˜[01m[Kstatic const char* ros::message_traits::DataType<M>::value() [with M = std::__cxx11::basic_string<char>][m[Kâ€™:
[01m[K/opt/ros/noetic/include/ros/message_traits.h:236:104:[m[K   required from â€˜[01m[Kconst char* ros::message_traits::datatype() [with M = std::__cxx11::basic_string<char>][m[Kâ€™
[01m[K/opt/ros/noetic/include/ros/advertise_options.h:93:43:[m[K   required from â€˜[01m[Kvoid ros::AdvertiseOptions::init(const string&, uint32_t, const SubscriberStatusCallback&, const SubscriberStatusCallback&) [with M = std::__cxx11::basic_string<char>; std::string = std::__cxx11::basic_string<char>; uint32_t = unsigned int; ros::SubscriberStatusCallback = boost::function<void(const ros::SingleSubscriberPublisher&)>][m[Kâ€™
[01m[K/opt/ros/noetic/include/ros/node_handle.h:252:7:[m[K   required from â€˜[01m[Kros::Publisher ros::NodeHandle::advertise(const string&, uint32_t, bool) [with M = std::__cxx11::basic_string<char>; std::string = std::__cxx11::basic_string<char>; uint32_t = unsigned int][m[Kâ€™
[01m[K/home/francesco/Desktop/RP_project/src/project_localizer/src/publisher_node.cpp:8:64:[m[K   required from here
[01m[K/opt/ros/noetic/include/ros/message_traits.h:137:30:[m[K [01;31m[Kerror: [m[Kâ€˜[01m[K__s_getDataType[m[Kâ€™ is not a member of â€˜[01m[Kstd::__cxx11::basic_string<char>[m[Kâ€™
  137 |     return [01;31m[KM::__s_getDataType()[m[K.c_str();
      |            [01;31m[K~~~~~~~~~~~~~~~~~~^~[m[K
/opt/ros/noetic/include/ros/message_traits.h: In instantiation of â€˜[01m[Kstatic const char* ros::message_traits::Definition<M>::value() [with M = std::__cxx11::basic_string<char>][m[Kâ€™:
[01m[K/opt/ros/noetic/include/ros/message_traits.h:245:106:[m[K   required from â€˜[01m[Kconst char* ros::message_traits::definition() [with M = std::__cxx11::basic_string<char>][m[Kâ€™
[01m[K/opt/ros/noetic/include/ros/advertise_options.h:94:55:[m[K   required from â€˜[01m[Kvoid ros::AdvertiseOptions::init(const string&, uint32_t, const SubscriberStatusCallback&, const SubscriberStatusCallback&) [with M = std::__cxx11::basic_string<char>; std::string = std::__cxx11::basic_string<char>; uint32_t = unsigned int; ros::SubscriberStatusCallback = boost::function<void(const ros::SingleSubscriberPublisher&)>][m[Kâ€™
[01m[K/opt/ros/noetic/include/ros/node_handle.h:252:7:[m[K   required from â€˜[01m[Kros::Publisher ros::NodeHandle::advertise(const string&, uint32_t, bool) [with M = std::__cxx11::basic_string<char>; std::string = std::__cxx11::basic_string<char>; uint32_t = unsigned int][m[Kâ€™
[01m[K/home/francesco/Desktop/RP_project/src/project_localizer/src/publisher_node.cpp:8:64:[m[K   required from here
[01m[K/opt/ros/noetic/include/ros/message_traits.h:154:39:[m[K [01;31m[Kerror: [m[Kâ€˜[01m[K__s_getMessageDefinition[m[Kâ€™ is not a member of â€˜[01m[Kstd::__cxx11::basic_string<char>[m[Kâ€™
  154 |     return [01;31m[KM::__s_getMessageDefinition()[m[K.c_str();
      |            [01;31m[K~~~~~~~~~~~~~~~~~~~~~~~~~~~^~[m[K
make[2]: *** [CMakeFiles/publisher_node.dir/build.make:63: CMakeFiles/publisher_node.dir/src/publisher_node.cpp.o] Error 1
make[1]: *** [CMakeFiles/Makefile2:290: CMakeFiles/publisher_node.dir/all] Error 2
make: *** [Makefile:141: all] Error 2
