[01m[K/home/francesco/Desktop/RP_project/src/project_localizer/src/main_node.cpp:[m[K In function â€˜[01m[Kvoid laserCallBack(const LaserScan&)[m[Kâ€™:
[01m[K/home/francesco/Desktop/RP_project/src/project_localizer/src/main_node.cpp:136:49:[m[K [01;31m[Kerror: [m[Kâ€˜[01m[Km_hat_grid[m[Kâ€™ was not declared in this scope
  136 |                 std::cerr << "coordinate = " << [01;31m[Km_hat_grid[m[K(0) << " " << m_hat_grid(1) << std::endl;
      |                                                 [01;31m[K^~~~~~~~~~[m[K
make[2]: *** [CMakeFiles/main_node.dir/build.make:63: CMakeFiles/main_node.dir/src/main_node.cpp.o] Error 1
make[1]: *** [CMakeFiles/Makefile2:451: CMakeFiles/main_node.dir/all] Error 2
make: *** [Makefile:141: all] Error 2
